<?xml version="1.0" encoding="UTF-8"?>
<testng-results ignored="0" total="4" passed="4" failed="0" skipped="0">
  <reporter-output>
  </reporter-output>
  <suite started-at="2022-10-11T16:34:38 IST" name="Default suite" finished-at="2022-10-11T16:36:49 IST" duration-ms="130693">
    <groups>
      <group name="Chrome">
        <method signature="Automation.LaunchChrome()[pri:0, instance:ecommerce.Automation@4b5a5ed1]" name="LaunchChrome" class="ecommerce.Automation"/>
        <method signature="Automation.chrome()[pri:0, instance:ecommerce.Automation@4b5a5ed1]" name="chrome" class="ecommerce.Automation"/>
      </group> <!-- Chrome -->
      <group name="Firefox">
        <method signature="Automation.LaunchFirefox()[pri:0, instance:ecommerce.Automation@4b5a5ed1]" name="LaunchFirefox" class="ecommerce.Automation"/>
        <method signature="Automation.firefox()[pri:0, instance:ecommerce.Automation@4b5a5ed1]" name="firefox" class="ecommerce.Automation"/>
      </group> <!-- Firefox -->
    </groups>
    <test started-at="2022-10-11T16:34:38 IST" name="Default test" finished-at="2022-10-11T16:36:49 IST" duration-ms="130693">
      <class name="ecommerce.Automation">
        <test-method signature="LaunchChrome()[pri:0, instance:ecommerce.Automation@4b5a5ed1]" started-at="2022-10-11T16:34:38 IST" name="LaunchChrome" finished-at="2022-10-11T16:34:40 IST" duration-ms="2015" status="PASS">
          <reporter-output>
          </reporter-output>
        </test-method> <!-- LaunchChrome -->
        <test-method signature="LaunchFirefox()[pri:0, instance:ecommerce.Automation@4b5a5ed1]" started-at="2022-10-11T16:34:40 IST" name="LaunchFirefox" finished-at="2022-10-11T16:34:44 IST" duration-ms="4006" status="PASS">
          <reporter-output>
          </reporter-output>
        </test-method> <!-- LaunchFirefox -->
        <test-method signature="chrome()[pri:0, instance:ecommerce.Automation@4b5a5ed1]" started-at="2022-10-11T16:34:44 IST" name="chrome" finished-at="2022-10-11T16:35:45 IST" depends-on-methods="ecommerce.Automation.LaunchChrome" duration-ms="61077" status="PASS">
          <reporter-output>
          </reporter-output>
        </test-method> <!-- chrome -->
        <test-method signature="firefox()[pri:0, instance:ecommerce.Automation@4b5a5ed1]" started-at="2022-10-11T16:35:45 IST" name="firefox" finished-at="2022-10-11T16:36:49 IST" depends-on-methods="ecommerce.Automation.LaunchFirefox" duration-ms="63534" status="PASS">
          <reporter-output>
          </reporter-output>
        </test-method> <!-- firefox -->
      </class> <!-- ecommerce.Automation -->
    </test> <!-- Default test -->
  </suite> <!-- Default suite -->
</testng-results>
