<?xml version="1.0" encoding="UTF-8"?>
<!-- Generated by org.testng.reporters.JUnitXMLReporter -->
<testsuite ignored="0" hostname="LAPTOP-M7E664VU" failures="0" tests="3" name="Default test" time="61.991" errors="0" timestamp="2022-10-03T20:43:54 IST">
  <testcase classname="com.test.AmazonNavigationTest" name="TestSellersLink" time="14.819"/>
  <testcase classname="com.test.AmazonNavigationTest" name="TestAddressLink" time="12.425"/>
  <testcase classname="com.test.AmazonNavigationTest" name="TestOrderLink" time="12.086"/>
</testsuite> <!-- Default test -->
