<?xml version="1.0" encoding="UTF-8"?>
<!-- Generated by org.testng.reporters.JUnitXMLReporter -->
<testsuite ignored="0" hostname="LAPTOP-M7E664VU" failures="0" tests="4" name="Default test" time="130.693" errors="0" timestamp="2022-10-11T16:36:49 IST">
  <testcase classname="ecommerce.Automation" name="LaunchChrome" time="2.015"/>
  <testcase classname="ecommerce.Automation" name="LaunchFirefox" time="4.006"/>
  <testcase classname="ecommerce.Automation" name="chrome" time="61.077"/>
  <testcase classname="ecommerce.Automation" name="firefox" time="63.534"/>
</testsuite> <!-- Default test -->
