<?xml version="1.0" encoding="UTF-8"?>
<!-- Generated by org.testng.reporters.JUnitXMLReporter -->
<testsuite ignored="0" hostname="LAPTOP-M7E664VU" failures="0" tests="3" name="HomeLoanTests" time="0.044" errors="0" timestamp="2022-09-28T11:03:26 IST">
  <testcase classname="loanapplications.HomeLoanApplicationTests" name="APIHomeLoan" time="0.002"/>
  <testcase classname="loanapplications.HomeLoanApplicationTests" name="MobileHomeLoan" time="0.001"/>
  <testcase classname="loanapplications.HomeLoanApplicationTests" name="WebHomeLoan" time="0.0"/>
</testsuite> <!-- HomeLoanTests -->
