<?xml version="1.0" encoding="UTF-8"?>
<!-- Generated by org.testng.reporters.JUnitXMLReporter -->
<testsuite ignored="0" hostname="LAPTOP-M7E664VU" failures="0" tests="3" name="SmokeTests" time="0.116" errors="0" timestamp="2022-09-28T10:04:33 IST">
  <testcase classname="testpkg.ParamTest" name="applyForLoan" time="0.014"/>
  <testcase classname="testpkg.ParamTest" name="applyForLoan" time="0.003"/>
  <testcase classname="testpkg.ParamTest" name="applyForLoan" time="0.002"/>
</testsuite> <!-- SmokeTests -->
