<?xml version="1.0" encoding="UTF-8"?>
<testsuite xmlns:xsi="http://www.w3.org/2001/XMLSchema-instance" xsi:noNamespaceSchemaLocation="https://maven.apache.org/surefire/maven-surefire-plugin/xsd/surefire-test-report-3.0.xsd" version="3.0" name="TestSuite" time="1.085" tests="8" errors="0" skipped="0" failures="0">
  <properties>
[...]
</properties>
  <testcase name="APIHomeLoan" classname="loanapplications.HomeLoanApplicationTests" time="0.003">
    <system-out><![CDATA[Starting db server
Setting up Test Data
Hello
Home loan application - API login test
SucccessListener: TestSuccess
]]></system-out>
    <system-err><![CDATA[SLF4J: Failed to load class "org.slf4j.impl.StaticLoggerBinder".
SLF4J: Defaulting to no-operation (NOP) logger implementation
SLF4J: See http://www.slf4j.org/codes.html#StaticLoggerBinder for further details.
]]></system-err>
  </testcase>
  <testcase name="MobileHomeLoan" classname="loanapplications.HomeLoanApplicationTests" time="0.001">
    <system-out><![CDATA[Hello
Home loan application - mobile login test
SucccessListener: TestSuccess
]]></system-out>
  </testcase>
  <testcase name="WebHomeLoan" classname="loanapplications.HomeLoanApplicationTests" time="0">
    <system-out><![CDATA[Hello
Home loan application - web login test
SucccessListener: TestSuccess
]]></system-out>
  </testcase>
  <testcase name="PersonalLoanLoginAPI" classname="loanapplications.PersonalLoanApplicationTests" time="0">
    <system-out><![CDATA[Cleaning up Test Data
Personal loan application - API login test
SucccessListener: TestSuccess
]]></system-out>
  </testcase>
  <testcase name="PersonalLoanLoginMobile" classname="loanapplications.PersonalLoanApplicationTests" time="0.001">
    <system-out><![CDATA[Personal loan application - mobile login test
SucccessListener: TestSuccess
]]></system-out>
  </testcase>
  <testcase name="PersonalLoanLoginWeb[xyz.com](1)" classname="loanapplications.PersonalLoanApplicationTests" time="0">
    <system-out><![CDATA[Personal loan application - web login test
Weg login url= xyz.com
SucccessListener: TestSuccess
]]></system-out>
  </testcase>
  <testcase name="CarLoanLoginWeb" classname="loanapplications.CarLoanApplicationTests" time="0.005">
    <system-out><![CDATA[Car loan application - web login test
SucccessListener: TestSuccess
]]></system-out>
  </testcase>
  <testcase name="CarLoanLoginAPI" classname="loanapplications.CarLoanApplicationTests" time="0.001">
    <system-out><![CDATA[Car loan application - API login test
SucccessListener: TestSuccess
]]></system-out>
  </testcase>
</testsuite>